<?xml version="1.0" encoding="UTF-8"?>
<!-- Generated by org.testng.reporters.JUnitReportReporter -->
<testsuite hostname="krisat1407" failures="0" tests="2" name="week5day2.DeleteLead" time="62.959" errors="0" timestamp="2025-10-28T00:17:31 PDT" skipped="0">
  <testcase classname="week5day2.DeleteLead" name="deleteLead" time="26.286"/>
  <testcase classname="week5day2.DeleteLead" name="deleteLead" time="36.673"/>
</testsuite> <!-- week5day2.DeleteLead -->
